[themewagon.github.io/proman/index.html]
[backblue.gif]
[fade.gif]
[index.html]
[themewagon.github.io/proman/img/favicon.ico]
[cdnjs.cloudflare.com/ajax/libs/font-awesome/5.10.0/css/all.min.css]
[cdn.jsdelivr.net/npm/bootstrap-icons@1.4.1/font/bootstrap-icons.css]
[themewagon.github.io/proman/lib/animate/animate.min.css]
[themewagon.github.io/proman/lib/lightbox/css/lightbox.min.css]
[themewagon.github.io/proman/lib/owlcarousel/assets/owl.carousel.min.css]
[themewagon.github.io/proman/css/bootstrap.min.css]
[themewagon.github.io/proman/css/style.css]
[themewagon.github.io/proman/index-2.html]
[themewagon.github.io/proman/img/profile.png]
[themewagon.github.io/proman/img/about-1.jpg]
[themewagon.github.io/proman/img/about-2.jpg]
[themewagon.github.io/proman/img/project-1.jpg]
[themewagon.github.io/proman/img/project-2.jpg]
[themewagon.github.io/proman/img/project-3.jpg]
[themewagon.github.io/proman/img/project-4.jpg]
[themewagon.github.io/proman/img/project-5.jpg]
[themewagon.github.io/proman/img/project-6.jpg]
[themewagon.github.io/proman/img/team-1.jpg]
[themewagon.github.io/proman/img/team-2.jpg]
[themewagon.github.io/proman/img/team-3.jpg]
[themewagon.github.io/proman/img/testimonial-1.jpg]
[themewagon.github.io/proman/img/testimonial-2.jpg]
[themewagon.github.io/proman/img/testimonial-3.jpg]
[code.jquery.com/jquery-3.4.1.min.js]
[cdn.jsdelivr.net/npm/bootstrap@5.0.0/dist/js/bootstrap.bundle.min.js]
[themewagon.github.io/proman/lib/wow/wow.min.js]
[themewagon.github.io/proman/lib/easing/easing.min.js]
[themewagon.github.io/proman/lib/waypoints/waypoints.min.js]
[themewagon.github.io/proman/lib/typed/typed.min.js]
[themewagon.github.io/proman/lib/counterup/counterup.min.js]
[themewagon.github.io/proman/lib/owlcarousel/owl.carousel.min.js]
[themewagon.github.io/proman/lib/isotope/isotope.pkgd.min.js]
[themewagon.github.io/proman/lib/lightbox/js/lightbox.min.js]
[themewagon.github.io/proman/js/main.js]
[themewagon.github.io/proman/index.html]
[themewagon.github.io/proman/img/favicon.html]
[cdnjs.cloudflare.com/ajax/libs/font-awesome/5.10.0/css/all.min.css]
[cdn.jsdelivr.net/npm/bootstrap-icons@1.4.1/font/fonts/bootstrap-iconsfb95.woff2]
[cdn.jsdelivr.net/npm/bootstrap-icons@1.4.1/font/fonts/bootstrap-iconsfb95.woff]
[cdn.jsdelivr.net/npm/bootstrap-icons@1.4.1/font/bootstrap-icons.css]
[themewagon.github.io/proman/lib/animate/animate.min.css]
[themewagon.github.io/proman/lib/lightbox/images/loading.gif]
[themewagon.github.io/proman/lib/lightbox/css/lightbox.min.css]
[themewagon.github.io/proman/lib/owlcarousel/assets/owl.video.play.png]
[themewagon.github.io/proman/lib/owlcarousel/assets/owl.carousel.min.css]
[themewagon.github.io/proman/css/bootstrap.min.css]
[themewagon.github.io/proman/img/bg-header.png]
[themewagon.github.io/proman/img/bg-icon.png]
[themewagon.github.io/proman/css/style.css]
[themewagon.github.io/proman/index-2.html]
